probe-healthconnect/app/build/intermediates/manifest_merge_blame_file/debug/processDebugMainManifest/manifest-merger-blame-debug-report.txt
1<?xml version="1.0" encoding="utf-8"?>
2<manifest xmlns:android="http://schemas.android.com/apk/res/android"
3    package="com.healthycoach.probehealthconnect"
4    android:versionCode="1"
5    android:versionName="1.0" >
6
7    <uses-sdk
8        android:minSdkVersion="28"
9        android:targetSdkVersion="34" />
10
11    <!-- Health Connect read permissions -->
12    <uses-permission android:name="android.permission.health.READ_EXERCISE" />
12-->src\main\AndroidManifest.xml:5:5-79
12-->src\main\AndroidManifest.xml:5:22-76
13    <uses-permission android:name="android.permission.health.READ_DISTANCE" />
13-->src\main\AndroidManifest.xml:6:5-79
13-->src\main\AndroidManifest.xml:6:22-76
14    <uses-permission android:name="android.permission.health.READ_HEART_RATE" />
14-->src\main\AndroidManifest.xml:7:5-81
14-->src\main\AndroidManifest.xml:7:22-78
15    <uses-permission android:name="android.permission.health.READ_STEPS" />
15-->src\main\AndroidManifest.xml:8:5-76
15-->src\main\AndroidManifest.xml:8:22-73
16    <uses-permission android:name="android.permission.health.READ_TOTAL_CALORIES_BURNED" />
16-->src\main\AndroidManifest.xml:9:5-92
16-->src\main\AndroidManifest.xml:9:22-89
17    <uses-permission android:name="android.permission.health.READ_SPEED" />
17-->src\main\AndroidManifest.xml:10:5-76
17-->src\main\AndroidManifest.xml:10:22-73
18
19    <!-- Required to query/launch the Health Connect provider on Android 11+ -->
20    <queries>
20-->src\main\AndroidManifest.xml:13:5-18:15
21        <package android:name="com.google.android.apps.healthdata" />
21-->src\main\AndroidManifest.xml:14:9-70
21-->src\main\AndroidManifest.xml:14:18-67
22
23        <intent>
23-->src\main\AndroidManifest.xml:15:9-17:18
24            <action android:name="androidx.health.ACTION_SHOW_PERMISSIONS_RATIONALE" />
24-->src\main\AndroidManifest.xml:16:13-88
24-->src\main\AndroidManifest.xml:16:21-85
25        </intent>
26    </queries>
27
28    <permission
28-->[androidx.core:core:1.13.1] AndroidManifest.xml:22:5-24:47
29        android:name="com.healthycoach.probehealthconnect.DYNAMIC_RECEIVER_NOT_EXPORTED_PERMISSION"
29-->[androidx.core:core:1.13.1] AndroidManifest.xml:23:9-81
30        android:protectionLevel="signature" />
30-->[androidx.core:core:1.13.1] AndroidManifest.xml:24:9-44
31
32    <uses-permission android:name="com.healthycoach.probehealthconnect.DYNAMIC_RECEIVER_NOT_EXPORTED_PERMISSION" />
32-->[androidx.core:core:1.13.1] AndroidManifest.xml:26:5-97
32-->[androidx.core:core:1.13.1] AndroidManifest.xml:26:22-94
33
34    <application
34-->src\main\AndroidManifest.xml:20:5-54:19
35        android:allowBackup="false"
35-->src\main\AndroidManifest.xml:21:9-36
36        android:appComponentFactory="androidx.core.app.CoreComponentFactory"
36-->[androidx.core:core:1.13.1] AndroidManifest.xml:28:18-86
37        android:debuggable="true"
38        android:extractNativeLibs="false"
39        android:label="HC Probe"
39-->src\main\AndroidManifest.xml:22:9-33
40        android:testOnly="true"
41        android:theme="@android:style/Theme.Material.Light.NoActionBar" >
41-->src\main\AndroidManifest.xml:23:9-72
42        <activity
42-->src\main\AndroidManifest.xml:25:9-41:20
43            android:name="com.healthycoach.probehealthconnect.MainActivity"
43-->src\main\AndroidManifest.xml:26:13-41
44            android:exported="true"
44-->src\main\AndroidManifest.xml:27:13-36
45            android:label="HC Probe" >
45-->src\main\AndroidManifest.xml:28:13-37
46            <intent-filter>
46-->src\main\AndroidManifest.xml:29:13-32:29
47                <action android:name="android.intent.action.MAIN" />
47-->src\main\AndroidManifest.xml:30:17-69
47-->src\main\AndroidManifest.xml:30:25-66
48
49                <category android:name="android.intent.category.LAUNCHER" />
49-->src\main\AndroidManifest.xml:31:17-77
49-->src\main\AndroidManifest.xml:31:27-74
50            </intent-filter>
51
52            <!--
53                 Required on Android 14+: without this, Health Connect does not recognize
54                 this app as a participant at all — it won't appear in the permissions list
55                 and permission requests silently no-op.
56            -->
57            <intent-filter>
57-->src\main\AndroidManifest.xml:37:13-40:29
58                <action android:name="android.intent.action.VIEW_PERMISSION_USAGE" />
58-->src\main\AndroidManifest.xml:38:17-86
58-->src\main\AndroidManifest.xml:38:25-83
59
60                <category android:name="android.intent.category.HEALTH_PERMISSIONS" />
60-->src\main\AndroidManifest.xml:39:17-87
60-->src\main\AndroidManifest.xml:39:27-84
61            </intent-filter>
62        </activity>
63        <!--
64 Health Connect requires an activity that responds to the permissions
65             rationale intent, or it will refuse to grant permissions.
66        -->
67        <activity-alias
67-->src\main\AndroidManifest.xml:45:9-53:26
68            android:name="com.healthycoach.probehealthconnect.ViewPermissionUsageActivity"
68-->src\main\AndroidManifest.xml:46:13-55
69            android:exported="true"
69-->src\main\AndroidManifest.xml:47:13-36
70            android:permission="android.permission.START_VIEW_PERMISSION_USAGE"
70-->src\main\AndroidManifest.xml:49:13-80
71            android:targetActivity="com.healthycoach.probehealthconnect.MainActivity" >
71-->src\main\AndroidManifest.xml:48:13-51
72            <intent-filter>
72-->src\main\AndroidManifest.xml:50:13-52:29
73                <action android:name="androidx.health.ACTION_SHOW_PERMISSIONS_RATIONALE" />
73-->src\main\AndroidManifest.xml:16:13-88
73-->src\main\AndroidManifest.xml:16:21-85
74            </intent-filter>
75        </activity-alias>
76
77        <service
77-->[androidx.health.connect:connect-client:1.1.0-alpha07] AndroidManifest.xml:24:9-32:19
78            android:name="androidx.health.platform.client.impl.sdkservice.HealthDataSdkService"
78-->[androidx.health.connect:connect-client:1.1.0-alpha07] AndroidManifest.xml:25:13-96
79            android:enabled="true"
79-->[androidx.health.connect:connect-client:1.1.0-alpha07] AndroidManifest.xml:26:13-35
80            android:exported="true" >
80-->[androidx.health.connect:connect-client:1.1.0-alpha07] AndroidManifest.xml:27:13-36
81            <intent-filter>
81-->[androidx.health.connect:connect-client:1.1.0-alpha07] AndroidManifest.xml:29:13-31:29
82                <action android:name="androidx.health.platform.client.ACTION_BIND_SDK_SERVICE" />
82-->[androidx.health.connect:connect-client:1.1.0-alpha07] AndroidManifest.xml:30:17-98
82-->[androidx.health.connect:connect-client:1.1.0-alpha07] AndroidManifest.xml:30:25-95
83            </intent-filter>
84        </service>
85
86        <activity
86-->[androidx.compose.ui:ui-tooling-android:1.6.8] AndroidManifest.xml:23:9-25:39
87            android:name="androidx.compose.ui.tooling.PreviewActivity"
87-->[androidx.compose.ui:ui-tooling-android:1.6.8] AndroidManifest.xml:24:13-71
88            android:exported="true" />
88-->[androidx.compose.ui:ui-tooling-android:1.6.8] AndroidManifest.xml:25:13-36
89
90        <provider
90-->[androidx.emoji2:emoji2:1.3.0] AndroidManifest.xml:24:9-32:20
91            android:name="androidx.startup.InitializationProvider"
91-->[androidx.emoji2:emoji2:1.3.0] AndroidManifest.xml:25:13-67
92            android:authorities="com.healthycoach.probehealthconnect.androidx-startup"
92-->[androidx.emoji2:emoji2:1.3.0] AndroidManifest.xml:26:13-68
93            android:exported="false" >
93-->[androidx.emoji2:emoji2:1.3.0] AndroidManifest.xml:27:13-37
94            <meta-data
94-->[androidx.emoji2:emoji2:1.3.0] AndroidManifest.xml:29:13-31:52
95                android:name="androidx.emoji2.text.EmojiCompatInitializer"
95-->[androidx.emoji2:emoji2:1.3.0] AndroidManifest.xml:30:17-75
96                android:value="androidx.startup" />
96-->[androidx.emoji2:emoji2:1.3.0] AndroidManifest.xml:31:17-49
97            <meta-data
97-->[androidx.lifecycle:lifecycle-process:2.8.4] AndroidManifest.xml:29:13-31:52
98                android:name="androidx.lifecycle.ProcessLifecycleInitializer"
98-->[androidx.lifecycle:lifecycle-process:2.8.4] AndroidManifest.xml:30:17-78
99                android:value="androidx.startup" />
99-->[androidx.lifecycle:lifecycle-process:2.8.4] AndroidManifest.xml:31:17-49
100            <meta-data
100-->[androidx.profileinstaller:profileinstaller:1.3.1] AndroidManifest.xml:29:13-31:52
101                android:name="androidx.profileinstaller.ProfileInstallerInitializer"
101-->[androidx.profileinstaller:profileinstaller:1.3.1] AndroidManifest.xml:30:17-85
102                android:value="androidx.startup" />
102-->[androidx.profileinstaller:profileinstaller:1.3.1] AndroidManifest.xml:31:17-49
103        </provider>
104
105        <receiver
105-->[androidx.profileinstaller:profileinstaller:1.3.1] AndroidManifest.xml:34:9-52:20
106            android:name="androidx.profileinstaller.ProfileInstallReceiver"
106-->[androidx.profileinstaller:profileinstaller:1.3.1] AndroidManifest.xml:35:13-76
107            android:directBootAware="false"
107-->[androidx.profileinstaller:profileinstaller:1.3.1] AndroidManifest.xml:36:13-44
108            android:enabled="true"
108-->[androidx.profileinstaller:profileinstaller:1.3.1] AndroidManifest.xml:37:13-35
109            android:exported="true"
109-->[androidx.profileinstaller:profileinstaller:1.3.1] AndroidManifest.xml:38:13-36
110            android:permission="android.permission.DUMP" >
110-->[androidx.profileinstaller:profileinstaller:1.3.1] AndroidManifest.xml:39:13-57
111            <intent-filter>
111-->[androidx.profileinstaller:profileinstaller:1.3.1] AndroidManifest.xml:40:13-42:29
112                <action android:name="androidx.profileinstaller.action.INSTALL_PROFILE" />
112-->[androidx.profileinstaller:profileinstaller:1.3.1] AndroidManifest.xml:41:17-91
112-->[androidx.profileinstaller:profileinstaller:1.3.1] AndroidManifest.xml:41:25-88
113            </intent-filter>
114            <intent-filter>
114-->[androidx.profileinstaller:profileinstaller:1.3.1] AndroidManifest.xml:43:13-45:29
115                <action android:name="androidx.profileinstaller.action.SKIP_FILE" />
115-->[androidx.profileinstaller:profileinstaller:1.3.1] AndroidManifest.xml:44:17-85
115-->[androidx.profileinstaller:profileinstaller:1.3.1] AndroidManifest.xml:44:25-82
116            </intent-filter>
117            <intent-filter>
117-->[androidx.profileinstaller:profileinstaller:1.3.1] AndroidManifest.xml:46:13-48:29
118                <action android:name="androidx.profileinstaller.action.SAVE_PROFILE" />
118-->[androidx.profileinstaller:profileinstaller:1.3.1] AndroidManifest.xml:47:17-88
118-->[androidx.profileinstaller:profileinstaller:1.3.1] AndroidManifest.xml:47:25-85
119            </intent-filter>
120            <intent-filter>
120-->[androidx.profileinstaller:profileinstaller:1.3.1] AndroidManifest.xml:49:13-51:29
121                <action android:name="androidx.profileinstaller.action.BENCHMARK_OPERATION" />
121-->[androidx.profileinstaller:profileinstaller:1.3.1] AndroidManifest.xml:50:17-95
121-->[androidx.profileinstaller:profileinstaller:1.3.1] AndroidManifest.xml:50:25-92
122            </intent-filter>
123        </receiver>
124    </application>
125
126</manifest>